[debug] [2025-05-28T10:40:28.142Z] ----------------------------------------------------------------------
[debug] [2025-05-28T10:40:28.151Z] Command:       /nix/store/rbdrkcs5kkwpalxcd7c6bnm33lk2955n-nodejs-20.19.0/bin/node /home/user/.global_modules/bin/firebase init hosting
[debug] [2025-05-28T10:40:28.152Z] CLI Version:   14.4.0
[debug] [2025-05-28T10:40:28.153Z] Platform:      linux
[debug] [2025-05-28T10:40:28.153Z] Node Version:  v20.19.0
[debug] [2025-05-28T10:40:28.153Z] Time:          Wed May 28 2025 10:40:28 GMT+0000 (Coordinated Universal Time)
[debug] [2025-05-28T10:40:28.154Z] ----------------------------------------------------------------------
[debug] 
[debug] [2025-05-28T10:40:28.163Z] > command requires scopes: ["email","openid","https://www.googleapis.com/auth/cloudplatformprojects.readonly","https://www.googleapis.com/auth/firebase","https://www.googleapis.com/auth/cloud-platform"]
[debug] [2025-05-28T10:40:32.498Z] Running auto auth
[info] 
     ######## #### ########  ######## ########     ###     ######  ########
     ##        ##  ##     ## ##       ##     ##  ##   ##  ##       ##
     ######    ##  ########  ######   ########  #########  ######  ######
     ##        ##  ##    ##  ##       ##     ## ##     ##       ## ##
     ##       #### ##     ## ######## ########  ##     ##  ######  ########

You're about to initialize a Firebase project in this directory:

  /home/user/studio

[info] 
=== Project Setup
[info] 
[info] First, let's associate this project directory with a Firebase project.
[info] You can create multiple project aliases by running firebase use --add, 
[info] but for now we'll just set up a default project.
[info] 
[debug] [2025-05-28T10:40:37.745Z] No OAuth tokens found
[debug] [2025-05-28T10:40:37.752Z] >>> [apiv2][query] GET https://firebase.googleapis.com/v1beta1/projects pageSize=100
[debug] [2025-05-28T10:40:38.305Z] <<< [apiv2][status] GET https://firebase.googleapis.com/v1beta1/projects 200
[debug] [2025-05-28T10:40:38.305Z] <<< [apiv2][body] GET https://firebase.googleapis.com/v1beta1/projects [omitted]
[info] i  Using project senpass-lite (SenPass Lite) 
[info] 
=== Hosting Setup
[debug] [2025-05-28T10:40:43.291Z] No OAuth tokens found
[debug] [2025-05-28T10:40:43.292Z] >>> [apiv2][query] GET https://firebase.googleapis.com/v1beta1/projects/senpass-lite [none]
[debug] [2025-05-28T10:40:43.581Z] <<< [apiv2][status] GET https://firebase.googleapis.com/v1beta1/projects/senpass-lite 200
[debug] [2025-05-28T10:40:43.583Z] <<< [apiv2][body] GET https://firebase.googleapis.com/v1beta1/projects/senpass-lite {"projectId":"senpass-lite","projectNumber":"261003487822","displayName":"SenPass Lite","name":"projects/senpass-lite","resources":{"hostingSite":"senpass-lite"},"state":"ACTIVE","etag":"1_950ef1a6-5e39-4449-bf5c-0244bda006b8"}
[debug] [2025-05-28T10:49:56.723Z] Error: Command failed: npx --yes create-next-app@"12 - 15.0" -e hello-world https://senpass-lite.web.app/ --use-npm --ts
    at genericNodeError (node:internal/errors:984:15)
    at wrappedFn (node:internal/errors:538:14)
    at checkExecSyncError (node:child_process:891:11)
    at execSync (node:child_process:963:15)
    at Object.init (/home/user/.global_modules/lib/node_modules/firebase-tools/lib/frameworks/next/index.js:216:34)
    at async Object.doSetup (/home/user/.global_modules/lib/node_modules/firebase-tools/lib/init/features/hosting/index.js:108:13)
    at async init (/home/user/.global_modules/lib/node_modules/firebase-tools/lib/init/index.js:53:13)
    at async Command.initAction [as actionFn] (/home/user/.global_modules/lib/node_modules/firebase-tools/lib/commands/init.js:187:5)
[error] 
[error] Error: An unexpected error has occurred.
